<?xml version="1.0" encoding="UTF-8"?>
<!-- Generated by org.testng.reporters.JUnitReportReporter -->
<testsuite skipped="0" hostname="XILP-IND-3109" name="Working.Working" tests="1" failures="0" timestamp="30 Aug 2017 13:01:28 GMT" time="125.155" errors="0">
  <testcase name="SuiteOneCaseTwoTest" time="125.155" classname="Working.Working"/>
</testsuite> <!-- Working.Working -->
