<?xml version="1.0" encoding="UTF-8"?>
<!-- Generated by org.testng.reporters.JUnitReportReporter -->
<testsuite skipped="1" hostname="XILP-IND-3109" name="SubmissionListing.SubmissionListing" tests="1" failures="0" timestamp="04 Sep 2017 07:33:05 GMT" time="0.000" errors="0">
  <testcase name="SuiteOneCaseTwoTest" time="0.000" classname="SubmissionListing.SubmissionListing">
    <skipped/>
  </testcase> <!-- SuiteOneCaseTwoTest -->
</testsuite> <!-- SubmissionListing.SubmissionListing -->
