<?xml version="1.0" encoding="UTF-8"?>
<!-- Generated by org.testng.reporters.JUnitReportReporter -->
<testsuite hostname="DMINBNOI13012" failures="0" tests="1" name="dataextract.brandExtraction" time="38.720" errors="0" timestamp="07 Mar 2018 12:17:38 GMT" skipped="0">
  <testcase classname="dataextract.brandExtraction" name="Brand_data" time="38.720"/>
</testsuite> <!-- dataextract.brandExtraction -->
