<?xml version="1.0" encoding="UTF-8"?>
<!-- Generated by org.testng.reporters.JUnitReportReporter -->
<testsuite skipped="1" hostname="XILP-IND-3109" name="Status.Postbound.Postbound" tests="2" failures="0" timestamp="28 Dec 2017 11:44:08 GMT" time="449.947" errors="0">
  <testcase name="SuiteOneCaseTwoTest" time="449.792" classname="Status.Postbound.Postbound"/>
  <testcase name="SuiteOneCaseTwoTest" time="0.155" classname="Status.Postbound.Postbound">
    <skipped/>
  </testcase> <!-- SuiteOneCaseTwoTest -->
</testsuite> <!-- Status.Postbound.Postbound -->
