<?xml version="1.0" encoding="UTF-8"?>
<!-- Generated by org.testng.reporters.JUnitReportReporter -->
<testsuite skipped="5" hostname="XILP-IND-3109" name="Status.Working.Working" tests="6" failures="0" timestamp="04 Jan 2018 09:44:27 GMT" time="188.311" errors="0">
  <testcase name="SuiteOneCaseTwoTest" time="0.081" classname="Status.Working.Working">
    <skipped/>
  </testcase> <!-- SuiteOneCaseTwoTest -->
  <testcase name="SuiteOneCaseTwoTest" time="0.046" classname="Status.Working.Working">
    <skipped/>
  </testcase> <!-- SuiteOneCaseTwoTest -->
  <testcase name="SuiteOneCaseTwoTest" time="188.010" classname="Status.Working.Working"/>
  <testcase name="SuiteOneCaseTwoTest" time="0.036" classname="Status.Working.Working">
    <skipped/>
  </testcase> <!-- SuiteOneCaseTwoTest -->
  <testcase name="SuiteOneCaseTwoTest" time="0.099" classname="Status.Working.Working">
    <skipped/>
  </testcase> <!-- SuiteOneCaseTwoTest -->
  <testcase name="SuiteOneCaseTwoTest" time="0.039" classname="Status.Working.Working">
    <skipped/>
  </testcase> <!-- SuiteOneCaseTwoTest -->
</testsuite> <!-- Status.Working.Working -->
