<?xml version="1.0" encoding="UTF-8"?>
<!-- Generated by org.testng.reporters.JUnitReportReporter -->
<testsuite skipped="6" hostname="XILP-IND-3109" name="Status.Prebound.Prebound" tests="7" failures="0" timestamp="20 Dec 2017 07:53:07 GMT" time="261.343" errors="0">
  <testcase name="SuiteOneCaseTwoTest" time="0.048" classname="Status.Prebound.Prebound">
    <skipped/>
  </testcase> <!-- SuiteOneCaseTwoTest -->
  <testcase name="SuiteOneCaseTwoTest" time="0.066" classname="Status.Prebound.Prebound">
    <skipped/>
  </testcase> <!-- SuiteOneCaseTwoTest -->
  <testcase name="SuiteOneCaseTwoTest" time="0.049" classname="Status.Prebound.Prebound">
    <skipped/>
  </testcase> <!-- SuiteOneCaseTwoTest -->
  <testcase name="SuiteOneCaseTwoTest" time="0.103" classname="Status.Prebound.Prebound">
    <skipped/>
  </testcase> <!-- SuiteOneCaseTwoTest -->
  <testcase name="SuiteOneCaseTwoTest" time="0.205" classname="Status.Prebound.Prebound">
    <skipped/>
  </testcase> <!-- SuiteOneCaseTwoTest -->
  <testcase name="SuiteOneCaseTwoTest" time="260.822" classname="Status.Prebound.Prebound"/>
  <testcase name="SuiteOneCaseTwoTest" time="0.050" classname="Status.Prebound.Prebound">
    <skipped/>
  </testcase> <!-- SuiteOneCaseTwoTest -->
</testsuite> <!-- Status.Prebound.Prebound -->
