<?xml version="1.0" encoding="UTF-8"?>
<!-- Generated by org.testng.reporters.JUnitReportReporter -->
<testsuite hostname="XILP-IND-3109" name="Status.Quote.Quote" tests="1" failures="0" timestamp="2 Aug 2017 06:10:00 GMT" time="136.106" errors="0">
  <testcase name="SuiteOneCaseTwoTest" time="136.106" classname="Status.Quote.Quote"/>
</testsuite> <!-- Status.Quote.Quote -->
